<?xml version="1.0" encoding="UTF-8"?>
<!-- Generated by org.testng.reporters.JUnitReportReporter -->
<testsuite hostname="DESKTOP-MAQ8IR7" failures="0" tests="1" name="com.vigilEye.allotPendintCase.Irregularities_Main_Meter" time="33.745" errors="0" timestamp="2024-10-16T21:27:45 IST" skipped="0">
  <testcase classname="com.vigilEye.allotPendintCase.Irregularities_Main_Meter" name="toFillTheIrregularitiesOfMainMeter" time="33.745"/>
  <system-out/>
</testsuite> <!-- com.vigilEye.allotPendintCase.Irregularities_Main_Meter -->
