<?xml version="1.0" encoding="UTF-8"?>
<!-- Generated by org.testng.reporters.JUnitReportReporter -->
<testsuite hostname="DESKTOP-MAQ8IR7" failures="0" tests="2" name="com.vigilEye.allotPendintCase.ConsumerDetails" time="30.067" errors="0" timestamp="2024-10-16T16:27:07 IST" skipped="0">
  <testcase classname="com.vigilEye.allotPendintCase.ConsumerDetails" name="toverifyConsumerInformation" time="18.503"/>
  <system-out>
    <![CDATA[Element 0 is equal: SHASHI WALA SHARMA
Element 1 is equal: GAGAN PUBLIC SCHOOL AGR AROAD ALIGARH ALIGARH UP IND
Element 2 is equal: 27.00
Element 3 is equal: 9391330000
Element 4 is equal: 8439477328]]>
  </system-out>
  <testcase classname="com.vigilEye.allotPendintCase.ConsumerDetails" name="toverifyMarkingDetails" time="11.564"/>
  <system-out>
    <![CDATA[Test case failed: Text '2024-01-04 20:07:08.84' could not be parsed at index 20]]>
  </system-out>
</testsuite> <!-- com.vigilEye.allotPendintCase.ConsumerDetails -->
