<?xml version="1.0" encoding="UTF-8"?>
<!-- Generated by org.testng.reporters.JUnitReportReporter -->
<testsuite hostname="DESKTOP-MAQ8IR7" failures="0" tests="2" name="com.vigilEye.project.homePage.HomePage" time="10.072" errors="0" timestamp="2024-10-14T10:43:08 IST" skipped="0">
  <testcase classname="com.vigilEye.project.homePage.HomePage" name="loginTest" time="6.303"/>
  <system-out/>
  <testcase classname="com.vigilEye.project.homePage.HomePage" name="vigilEyeMenuIsDisplaying" time="3.769"/>
  <system-out/>
</testsuite> <!-- com.vigilEye.project.homePage.HomePage -->
