<?xml version="1.0" encoding="UTF-8"?>
<!-- Generated by org.testng.reporters.JUnitReportReporter -->
<testsuite hostname="DESKTOP-MAQ8IR7" failures="0" tests="1" name="com.vigilEye.allotPendintCase.ToChecktheCaseDetails" time="11.863" errors="0" timestamp="2024-10-15T12:15:29 IST" skipped="0">
  <testcase classname="com.vigilEye.allotPendintCase.ToChecktheCaseDetails" name="toverifyConsumerInformation" time="11.863"/>
  <system-out/>
</testsuite> <!-- com.vigilEye.allotPendintCase.ToChecktheCaseDetails -->
