<?xml version="1.0" encoding="UTF-8"?>
<!-- Generated by org.testng.reporters.JUnitReportReporter -->
<testsuite hostname="DESKTOP-MAQ8IR7" failures="0" tests="1" name="com.vigilEye.allotPendintCaseDatabase.CountOfPendingCases" time="1.579" errors="0" timestamp="2024-10-14T14:05:18 IST" skipped="0">
  <testcase classname="com.vigilEye.allotPendintCaseDatabase.CountOfPendingCases" name="toverifyCountAllotPendingCaseInDatabase" time="1.579"/>
  <system-out/>
</testsuite> <!-- com.vigilEye.allotPendintCaseDatabase.CountOfPendingCases -->
