<?xml version="1.0" encoding="UTF-8"?>
<!-- Generated by org.testng.reporters.JUnitReportReporter -->
<testsuite hostname="DESKTOP-MAQ8IR7" failures="0" tests="1" name="com.vigilEye.allotPendintCase.AllotPendingCaseHomePage" time="8.791" errors="0" timestamp="2024-10-18T11:01:35 IST" skipped="0">
  <testcase classname="com.vigilEye.allotPendintCase.AllotPendingCaseHomePage" name="toVerifyAllotPendingCasesIsDisplaying" time="8.791"/>
  <system-out/>
</testsuite> <!-- com.vigilEye.allotPendintCase.AllotPendingCaseHomePage -->
