<?xml version="1.0" encoding="UTF-8"?>
<!-- Generated by org.testng.reporters.JUnitReportReporter -->
<testsuite hostname="DESKTOP-UC2IRH1" failures="0" tests="1" name="com.vigilance.test.AllotPendingCaseTestCase" time="7.855" errors="0" timestamp="2024-11-06T11:09:09 IST" skipped="0">
  <testcase classname="com.vigilance.test.AllotPendingCaseTestCase" name="toVerifyClickOnAllotPendingCaseMenu" time="7.855"/>
  <system-out/>
</testsuite> <!-- com.vigilance.test.AllotPendingCaseTestCase -->
