<?xml version="1.0" encoding="UTF-8"?>
<!-- Generated by org.testng.reporters.JUnitReportReporter -->
<testsuite hostname="DESKTOP-UC2IRH1" failures="0" tests="1" name="com.vigilEye.project.GetTitle" time="28.297" errors="0" timestamp="2024-11-09T14:43:38 IST" skipped="0">
  <testcase classname="com.vigilEye.project.GetTitle" name="setUp" time="28.297"/>
  <system-out/>
</testsuite> <!-- com.vigilEye.project.GetTitle -->
