<?xml version="1.0" encoding="UTF-8"?>
<!-- Generated by org.testng.reporters.JUnitReportReporter -->
<testsuite hostname="DESKTOP-MAQ8IR7" failures="0" tests="1" name="com.vigilance.test.LoginTest" time="6.585" errors="0" timestamp="2024-10-17T22:51:00 IST" skipped="0">
  <testcase classname="com.vigilance.test.LoginTest" name="verifyLoginWithInvalidCredentials" time="6.585"/>
  <system-out/>
</testsuite> <!-- com.vigilance.test.LoginTest -->
