<?xml version="1.0" encoding="UTF-8"?>
<!-- Generated by org.testng.reporters.JUnitReportReporter -->
<testsuite hostname="DESKTOP-MAQ8IR7" failures="0" tests="1" name="com.vigilEye.allotPendintCaseDatabase.AllotPendingCaseDataBase" time="1.409" errors="0" timestamp="2024-10-16T11:40:35 IST" skipped="0">
  <testcase classname="com.vigilEye.allotPendintCaseDatabase.AllotPendingCaseDataBase" name="toverifyCountAllotPendingCaseInDatabase" time="1.409"/>
  <system-out/>
</testsuite> <!-- com.vigilEye.allotPendintCaseDatabase.AllotPendingCaseDataBase -->
